0 info it worked if it ends with ok
1 verbose cli [ 'D:\\Softwares\\Installations\\nodejs\\node.exe',
1 verbose cli   'D:\\Softwares\\Installations\\nodejs\\node_modules\\npm\\bin\\npm-cli.js',
1 verbose cli   'install',
1 verbose cli   'subscriptionns-transport-ws',
1 verbose cli   '--save' ]
2 info using npm@3.10.3
3 info using node@v6.4.0
4 silly loadCurrentTree Starting
5 silly install loadCurrentTree
6 silly install readLocalPackageData
7 silly fetchPackageMetaData subscriptionns-transport-ws
8 silly fetchNamedPackageData subscriptionns-transport-ws
9 silly mapToRegistry name subscriptionns-transport-ws
10 silly mapToRegistry using default registry
11 silly mapToRegistry registry https://registry.npmjs.org/
12 silly mapToRegistry data Result {
12 silly mapToRegistry   raw: 'subscriptionns-transport-ws',
12 silly mapToRegistry   scope: null,
12 silly mapToRegistry   escapedName: 'subscriptionns-transport-ws',
12 silly mapToRegistry   name: 'subscriptionns-transport-ws',
12 silly mapToRegistry   rawSpec: '',
12 silly mapToRegistry   spec: 'latest',
12 silly mapToRegistry   type: 'tag' }
13 silly mapToRegistry uri https://registry.npmjs.org/subscriptionns-transport-ws
14 verbose request uri https://registry.npmjs.org/subscriptionns-transport-ws
15 verbose request no auth needed
16 info attempt registry request try #1 at 12:46:46 PM
17 verbose request id bc014c95dada9c02
18 http request GET https://registry.npmjs.org/subscriptionns-transport-ws
19 http 404 https://registry.npmjs.org/subscriptionns-transport-ws
20 verbose headers { date: 'Mon, 23 Jul 2018 07:16:50 GMT',
20 verbose headers   'content-type': 'application/json',
20 verbose headers   'content-length': '21',
20 verbose headers   connection: 'keep-alive',
20 verbose headers   'set-cookie': [ '__cfduid=dd9be759e7a24c4d3dc22cef09f2bea0a1532330209; expires=Tue, 23-Jul-19 07:16:49 GMT; path=/; domain=.registry.npmjs.org; HttpOnly' ],
20 verbose headers   'cache-control': 'max-age=300',
20 verbose headers   'cf-cache-status': 'MISS',
20 verbose headers   'cf-ray': '43ec5d20de5a88b4-BOM',
20 verbose headers   'expect-ct': 'max-age=604800, report-uri="https://report-uri.cloudflare.com/cdn-cgi/beacon/expect-ct"',
20 verbose headers   'npm-notice': 'Due to a recent security incident, all user tokens have been invalidated. Please see https://status.npmjs.org/incidents/dn7c1fgrr7ng for more details. To generate a new token, visit https://www.npmjs.com/settings/~/tokens or run "npm login".',
20 verbose headers   vary: 'accept-encoding, accept',
20 verbose headers   server: 'cloudflare' }
21 warn notice Due to a recent security incident, all user tokens have been invalidated. Please see https://status.npmjs.org/incidents/dn7c1fgrr7ng for more details. To generate a new token, visit https://www.npmjs.com/settings/~/tokens or run "npm login".
22 silly get cb [ 404,
22 silly get   { date: 'Mon, 23 Jul 2018 07:16:50 GMT',
22 silly get     'content-type': 'application/json',
22 silly get     'content-length': '21',
22 silly get     connection: 'keep-alive',
22 silly get     'set-cookie': [ '__cfduid=dd9be759e7a24c4d3dc22cef09f2bea0a1532330209; expires=Tue, 23-Jul-19 07:16:49 GMT; path=/; domain=.registry.npmjs.org; HttpOnly' ],
22 silly get     'cache-control': 'max-age=300',
22 silly get     'cf-cache-status': 'MISS',
22 silly get     'cf-ray': '43ec5d20de5a88b4-BOM',
22 silly get     'expect-ct': 'max-age=604800, report-uri="https://report-uri.cloudflare.com/cdn-cgi/beacon/expect-ct"',
22 silly get     'npm-notice': 'Due to a recent security incident, all user tokens have been invalidated. Please see https://status.npmjs.org/incidents/dn7c1fgrr7ng for more details. To generate a new token, visit https://www.npmjs.com/settings/~/tokens or run "npm login".',
22 silly get     vary: 'accept-encoding, accept',
22 silly get     server: 'cloudflare' } ]
23 silly fetchPackageMetaData Error: Not found : subscriptionns-transport-ws
23 silly fetchPackageMetaData     at makeError (D:\Softwares\Installations\nodejs\node_modules\npm\node_modules\npm-registry-client\lib\request.js:264:12)
23 silly fetchPackageMetaData     at CachingRegistryClient.<anonymous> (D:\Softwares\Installations\nodejs\node_modules\npm\node_modules\npm-registry-client\lib\request.js:252:14)
23 silly fetchPackageMetaData     at Request._callback (D:\Softwares\Installations\nodejs\node_modules\npm\node_modules\npm-registry-client\lib\request.js:172:14)
23 silly fetchPackageMetaData     at Request.self.callback (D:\Softwares\Installations\nodejs\node_modules\npm\node_modules\request\request.js:200:22)
23 silly fetchPackageMetaData     at emitTwo (events.js:106:13)
23 silly fetchPackageMetaData     at Request.emit (events.js:191:7)
23 silly fetchPackageMetaData     at Request.<anonymous> (D:\Softwares\Installations\nodejs\node_modules\npm\node_modules\request\request.js:1067:10)
23 silly fetchPackageMetaData     at emitOne (events.js:101:20)
23 silly fetchPackageMetaData     at Request.emit (events.js:188:7)
23 silly fetchPackageMetaData     at IncomingMessage.<anonymous> (D:\Softwares\Installations\nodejs\node_modules\npm\node_modules\request\request.js:988:12)
23 silly fetchPackageMetaData  error for subscriptionns-transport-ws { Error: Not found : subscriptionns-transport-ws
23 silly fetchPackageMetaData     at makeError (D:\Softwares\Installations\nodejs\node_modules\npm\node_modules\npm-registry-client\lib\request.js:264:12)
23 silly fetchPackageMetaData     at CachingRegistryClient.<anonymous> (D:\Softwares\Installations\nodejs\node_modules\npm\node_modules\npm-registry-client\lib\request.js:252:14)
23 silly fetchPackageMetaData     at Request._callback (D:\Softwares\Installations\nodejs\node_modules\npm\node_modules\npm-registry-client\lib\request.js:172:14)
23 silly fetchPackageMetaData     at Request.self.callback (D:\Softwares\Installations\nodejs\node_modules\npm\node_modules\request\request.js:200:22)
23 silly fetchPackageMetaData     at emitTwo (events.js:106:13)
23 silly fetchPackageMetaData     at Request.emit (events.js:191:7)
23 silly fetchPackageMetaData     at Request.<anonymous> (D:\Softwares\Installations\nodejs\node_modules\npm\node_modules\request\request.js:1067:10)
23 silly fetchPackageMetaData     at emitOne (events.js:101:20)
23 silly fetchPackageMetaData     at Request.emit (events.js:188:7)
23 silly fetchPackageMetaData     at IncomingMessage.<anonymous> (D:\Softwares\Installations\nodejs\node_modules\npm\node_modules\request\request.js:988:12)
23 silly fetchPackageMetaData   pkgid: 'subscriptionns-transport-ws',
23 silly fetchPackageMetaData   statusCode: 404,
23 silly fetchPackageMetaData   code: 'E404' }
24 silly rollbackFailedOptional Starting
25 silly rollbackFailedOptional Finishing
26 silly runTopLevelLifecycles Starting
27 silly runTopLevelLifecycles Finishing
28 silly install printInstalled
29 verbose stack Error: Not found : subscriptionns-transport-ws
29 verbose stack     at makeError (D:\Softwares\Installations\nodejs\node_modules\npm\node_modules\npm-registry-client\lib\request.js:264:12)
29 verbose stack     at CachingRegistryClient.<anonymous> (D:\Softwares\Installations\nodejs\node_modules\npm\node_modules\npm-registry-client\lib\request.js:252:14)
29 verbose stack     at Request._callback (D:\Softwares\Installations\nodejs\node_modules\npm\node_modules\npm-registry-client\lib\request.js:172:14)
29 verbose stack     at Request.self.callback (D:\Softwares\Installations\nodejs\node_modules\npm\node_modules\request\request.js:200:22)
29 verbose stack     at emitTwo (events.js:106:13)
29 verbose stack     at Request.emit (events.js:191:7)
29 verbose stack     at Request.<anonymous> (D:\Softwares\Installations\nodejs\node_modules\npm\node_modules\request\request.js:1067:10)
29 verbose stack     at emitOne (events.js:101:20)
29 verbose stack     at Request.emit (events.js:188:7)
29 verbose stack     at IncomingMessage.<anonymous> (D:\Softwares\Installations\nodejs\node_modules\npm\node_modules\request\request.js:988:12)
30 verbose statusCode 404
31 verbose pkgid subscriptionns-transport-ws
32 verbose cwd D:\Work\Tasks\Toddler_task
33 error Windows_NT 10.0.17134
34 error argv "D:\\Softwares\\Installations\\nodejs\\node.exe" "D:\\Softwares\\Installations\\nodejs\\node_modules\\npm\\bin\\npm-cli.js" "install" "subscriptionns-transport-ws" "--save"
35 error node v6.4.0
36 error npm  v3.10.3
37 error code E404
38 error 404 Not found : subscriptionns-transport-ws
39 error 404
40 error 404 'subscriptionns-transport-ws' is not in the npm registry.
41 error 404 You should bug the author to publish it (or use the name yourself!)
42 error 404 Note that you can also install from a
43 error 404 tarball, folder, http url, or git url.
44 verbose exit [ 1, true ]
